<?xml version="1.0" encoding="UTF-8"?>
<!-- Generated by org.testng.reporters.JUnitReportReporter -->
<testsuite name="test.com.test1" tests="1" time="6.949" ignored="0" failures="0" timestamp="04 Jun 2020 14:34:51 GMT" skipped="0" hostname="DESKTOP-HTM5D11" errors="0">
  <testcase name="launchChrome" time="6.949" classname="test.com.test1"/>
</testsuite> <!-- test.com.test1 -->
