<?xml version="1.0" encoding="UTF-8"?>
<!-- Generated by org.testng.reporters.JUnitReportReporter -->
<testsuite name="test.com.test4" tests="4" time="0.006" ignored="0" failures="0" timestamp="04 Jun 2020 14:34:51 GMT" skipped="0" hostname="DESKTOP-HTM5D11" errors="0">
  <testcase name="test1" time="0.001" classname="test.com.test4"/>
  <testcase name="searchUser" time="0.001" classname="test.com.test4"/>
  <testcase name="login" time="0.004" classname="test.com.test4"/>
  <testcase name="registerUser" time="0.000" classname="test.com.test4"/>
</testsuite> <!-- test.com.test4 -->
