<?xml version="1.0" encoding="UTF-8"?>
<!-- Generated by org.testng.reporters.JUnitReportReporter -->
<testsuite name="test.com.calendar" tests="1" time="18.963" ignored="0" failures="0" timestamp="01 Jun 2020 15:37:29 GMT" skipped="0" hostname="DESKTOP-HTM5D11" errors="0">
  <testcase name="test1" time="18.963" classname="test.com.calendar"/>
</testsuite> <!-- test.com.calendar -->
