<?xml version="1.0" encoding="UTF-8"?>
<!-- Generated by org.testng.reporters.JUnitReportReporter -->
<testsuite name="test.com.test4" tests="8" time="0.054" ignored="0" failures="0" timestamp="20 May 2020 13:59:01 GMT" skipped="0" hostname="DESKTOP-A8U0B28" errors="0">
  <testcase name="test1" time="0.004" classname="test.com.test4"/>
  <testcase name="login" time="0.007" classname="test.com.test4"/>
  <testcase name="login" time="0.021" classname="test.com.test4"/>
  <testcase name="searchUser" time="0.003" classname="test.com.test4"/>
  <testcase name="searchUser" time="0.012" classname="test.com.test4"/>
  <testcase name="registerUser" time="0.002" classname="test.com.test4"/>
  <testcase name="registerUser" time="0.002" classname="test.com.test4"/>
  <testcase name="test1" time="0.003" classname="test.com.test4"/>
</testsuite> <!-- test.com.test4 -->
