<?xml version="1.0" encoding="UTF-8"?>
<!-- Generated by org.testng.reporters.JUnitReportReporter -->
<testsuite name="test.com.test_dataProvider_excel" tests="3" time="49.873" ignored="0" failures="0" timestamp="22 May 2020 15:16:57 GMT" skipped="0" hostname="DESKTOP-A8U0B28" errors="0">
  <testcase name="test2" time="15.313" classname="test.com.test_dataProvider_excel"/>
  <testcase name="test2" time="16.897" classname="test.com.test_dataProvider_excel"/>
  <testcase name="test2" time="17.663" classname="test.com.test_dataProvider_excel"/>
</testsuite> <!-- test.com.test_dataProvider_excel -->
