<?xml version="1.0" encoding="UTF-8"?>
<!-- Generated by org.testng.reporters.JUnitReportReporter -->
<testsuite name="test.com.test6_parameters" tests="2" time="0.032" ignored="0" failures="0" timestamp="18 May 2020 14:17:23 GMT" skipped="0" hostname="DESKTOP-A8U0B28" errors="0">
  <testcase name="test1" time="0.026" classname="test.com.test6_parameters"/>
  <testcase name="test1" time="0.006" classname="test.com.test6_parameters"/>
</testsuite> <!-- test.com.test6_parameters -->
