<?xml version="1.0" encoding="UTF-8"?>
<!-- Generated by org.testng.reporters.JUnitReportReporter -->
<testsuite name="test.com.testListeners" tests="1" time="0.025" ignored="0" failures="0" timestamp="30 May 2020 14:56:15 GMT" skipped="0" hostname="DESKTOP-HTM5D11" errors="0">
  <testcase name="test1" time="0.025" classname="test.com.testListeners"/>
</testsuite> <!-- test.com.testListeners -->
