<?xml version="1.0" encoding="UTF-8"?>
<!-- Generated by org.testng.reporters.JUnitReportReporter -->
<testsuite name="test.com.test2" tests="1" time="8.231" ignored="0" failures="0" timestamp="05 May 2020 13:21:59 GMT" skipped="0" hostname="DESKTOP-A8U0B28" errors="0">
  <testcase name="launchChrome" time="8.231" classname="test.com.test2"/>
</testsuite> <!-- test.com.test2 -->
