<?xml version="1.0" encoding="UTF-8"?>
<!-- Generated by org.testng.reporters.JUnitReportReporter -->
<testsuite name="test.com.listeners_test3" tests="1" time="6.109" ignored="0" failures="0" timestamp="01 Jun 2020 14:43:13 GMT" skipped="0" hostname="DESKTOP-HTM5D11" errors="0">
  <testcase name="test1" time="6.109" classname="test.com.listeners_test3"/>
</testsuite> <!-- test.com.listeners_test3 -->
