<?xml version="1.0" encoding="UTF-8"?>
<!-- Generated by org.testng.reporters.JUnitReportReporter -->
<testsuite name="test.com.test5" tests="3" time="0.037" ignored="5" failures="0" timestamp="18 May 2020 13:57:36 GMT" skipped="0" hostname="DESKTOP-A8U0B28" errors="0">
  <testcase name="test5" time="0.005" classname="test.com.test5"/>
  <testcase name="test3" time="0.024" classname="test.com.test5"/>
  <testcase name="test4" time="0.008" classname="test.com.test5"/>
  <testcase name="login" classname="test.com.test4">
    <skipped/>
  </testcase> <!-- login -->
  <testcase name="registerUser" classname="test.com.test4">
    <skipped/>
  </testcase> <!-- registerUser -->
  <testcase name="searchUser" classname="test.com.test4">
    <skipped/>
  </testcase> <!-- searchUser -->
  <testcase name="test1" classname="test.com.test5">
    <skipped/>
  </testcase> <!-- test1 -->
  <testcase name="test2" classname="test.com.test5">
    <skipped/>
  </testcase> <!-- test2 -->
</testsuite> <!-- test.com.test5 -->
