<?xml version="1.0" encoding="UTF-8"?>
<!-- Generated by org.testng.reporters.JUnitReportReporter -->
<testsuite name="test.com.test1" tests="2" time="60.665" ignored="0" failures="0" timestamp="20 May 2020 13:59:01 GMT" skipped="0" hostname="DESKTOP-A8U0B28" errors="0">
  <testcase name="launchChrome" time="44.046" classname="test.com.test1"/>
  <testcase name="launchChrome" time="16.619" classname="test.com.test1"/>
</testsuite> <!-- test.com.test1 -->
