<?xml version="1.0" encoding="UTF-8"?>
<!-- Generated by org.testng.reporters.JUnitReportReporter -->
<testsuite name="test.com.test3" tests="3" time="0.021" ignored="0" failures="0" timestamp="06 May 2020 13:37:34 GMT" skipped="0" hostname="DESKTOP-A8U0B28" errors="0">
  <testcase name="myOrders" time="0.005" classname="test.com.test3"/>
  <testcase name="myAccountDetails" time="0.008" classname="test.com.test3"/>
  <testcase name="myBankDetails" time="0.008" classname="test.com.test3"/>
</testsuite> <!-- test.com.test3 -->
